{"D:\\NamIII\\KyII\\BDCLPM\\project\\curxor-tracking-be\\src\\math.ts": {"path":"D:\\NamIII\\KyII\\BDCLPM\\project\\curxor-tracking-be\\src\\math.ts","statementMap":{"0":{"start":{"line":1,"column":0},"end":{"line":1,"column":16}},"1":{"start":{"line":2,"column":2},"end":{"line":2,"column":15}}},"fnMap":{"0":{"name":"sum","decl":{"start":{"line":1,"column":16},"end":{"line":1,"column":19}},"loc":{"start":{"line":1,"column":40},"end":{"line":3,"column":1}}}},"branchMap":{},"s":{"0":1,"1":2},"f":{"0":2},"b":{}}
,"D:\\NamIII\\KyII\\BDCLPM\\project\\curxor-tracking-be\\src\\configs\\redis.ts": {"path":"D:\\NamIII\\KyII\\BDCLPM\\project\\curxor-tracking-be\\src\\configs\\redis.ts","statementMap":{"0":{"start":{"line":1,"column":13},"end":{"line":7,"column":2}}},"fnMap":{},"branchMap":{"0":{"loc":{"start":{"line":2,"column":17},"end":{"line":2,"column":49}},"type":"binary-expr","locations":[{"start":{"line":2,"column":17},"end":{"line":2,"column":39}},{"start":{"line":2,"column":43},"end":{"line":2,"column":49}}]}},"s":{"0":1},"f":{},"b":{"0":[1,1]}}
,"D:\\NamIII\\KyII\\BDCLPM\\project\\curxor-tracking-be\\src\\constants\\category-type.ts": {"path":"D:\\NamIII\\KyII\\BDCLPM\\project\\curxor-tracking-be\\src\\constants\\category-type.ts","statementMap":{"0":{"start":{"line":1,"column":13},"end":{"line":5,"column":2}}},"fnMap":{},"branchMap":{},"s":{"0":2},"f":{},"b":{}}
,"D:\\NamIII\\KyII\\BDCLPM\\project\\curxor-tracking-be\\src\\databases\\redis.ts": {"path":"D:\\NamIII\\KyII\\BDCLPM\\project\\curxor-tracking-be\\src\\databases\\redis.ts","statementMap":{"0":{"start":{"line":1,"column":0},"end":{"line":1,"column":28}},"1":{"start":{"line":2,"column":0},"end":{"line":2,"column":47}},"2":{"start":{"line":11,"column":4},"end":{"line":22,"column":5}},"3":{"start":{"line":12,"column":6},"end":{"line":12,"column":53}},"4":{"start":{"line":15,"column":6},"end":{"line":17,"column":9}},"5":{"start":{"line":16,"column":8},"end":{"line":16,"column":44}},"6":{"start":{"line":19,"column":6},"end":{"line":21,"column":9}},"7":{"start":{"line":20,"column":8},"end":{"line":20,"column":55}},"8":{"start":{"line":27,"column":4},"end":{"line":31,"column":5}},"9":{"start":{"line":28,"column":6},"end":{"line":28,"column":41}},"10":{"start":{"line":29,"column":6},"end":{"line":29,"column":47}},"11":{"start":{"line":30,"column":6},"end":{"line":30,"column":48}},"12":{"start":{"line":35,"column":4},"end":{"line":37,"column":5}},"13":{"start":{"line":36,"column":6},"end":{"line":36,"column":53}},"14":{"start":{"line":38,"column":4},"end":{"line":40,"column":7}},"15":{"start":{"line":39,"column":6},"end":{"line":39,"column":41}},"16":{"start":{"line":42,"column":4},"end":{"line":44,"column":7}},"17":{"start":{"line":43,"column":6},"end":{"line":43,"column":52}},"18":{"start":{"line":45,"column":4},"end":{"line":45,"column":33}},"19":{"start":{"line":49,"column":4},"end":{"line":49,"column":53}},"20":{"start":{"line":53,"column":4},"end":{"line":53,"column":53}},"21":{"start":{"line":57,"column":4},"end":{"line":57,"column":53}},"22":{"start":{"line":4,"column":0},"end":{"line":4,"column":21}}},"fnMap":{"0":{"name":"(anonymous_8)","decl":{"start":{"line":7,"column":2},"end":{"line":7,"column":25}},"loc":{"start":{"line":7,"column":2},"end":{"line":7,"column":26}}},"1":{"name":"(anonymous_9)","decl":{"start":{"line":10,"column":9},"end":{"line":10,"column":15}},"loc":{"start":{"line":10,"column":29},"end":{"line":23,"column":null}}},"2":{"name":"(anonymous_11)","decl":{"start":{"line":15,"column":44},"end":{"line":15,"column":47}},"loc":{"start":{"line":15,"column":49},"end":{"line":17,"column":7}}},"3":{"name":"(anonymous_12)","decl":{"start":{"line":19,"column":42},"end":{"line":19,"column":43}},"loc":{"start":{"line":19,"column":50},"end":{"line":21,"column":7}}},"4":{"name":"(anonymous_13)","decl":{"start":{"line":26,"column":9},"end":{"line":26,"column":15}},"loc":{"start":{"line":26,"column":32},"end":{"line":32,"column":null}}},"5":{"name":"(anonymous_15)","decl":{"start":{"line":34,"column":9},"end":{"line":34,"column":15}},"loc":{"start":{"line":34,"column":27},"end":{"line":46,"column":3}}},"6":{"name":"(anonymous_16)","decl":{"start":{"line":38,"column":40},"end":{"line":38,"column":43}},"loc":{"start":{"line":38,"column":45},"end":{"line":40,"column":5}}},"7":{"name":"(anonymous_17)","decl":{"start":{"line":42,"column":38},"end":{"line":42,"column":39}},"loc":{"start":{"line":42,"column":46},"end":{"line":44,"column":5}}},"8":{"name":"(anonymous_18)","decl":{"start":{"line":48,"column":9},"end":{"line":48,"column":15}},"loc":{"start":{"line":48,"column":52},"end":{"line":50,"column":null}}},"9":{"name":"(anonymous_20)","decl":{"start":{"line":52,"column":9},"end":{"line":52,"column":15}},"loc":{"start":{"line":52,"column":37},"end":{"line":54,"column":null}}},"10":{"name":"(anonymous_22)","decl":{"start":{"line":56,"column":9},"end":{"line":56,"column":15}},"loc":{"start":{"line":56,"column":40},"end":{"line":58,"column":null}}}},"branchMap":{"0":{"loc":{"start":{"line":11,"column":4},"end":{"line":22,"column":5}},"type":"if","locations":[{"start":{"line":11,"column":4},"end":{"line":22,"column":5}}]},"1":{"loc":{"start":{"line":27,"column":4},"end":{"line":31,"column":5}},"type":"if","locations":[{"start":{"line":27,"column":4},"end":{"line":31,"column":5}}]},"2":{"loc":{"start":{"line":35,"column":4},"end":{"line":37,"column":5}},"type":"if","locations":[{"start":{"line":35,"column":4},"end":{"line":37,"column":5}}]}},"s":{"0":1,"1":1,"2":0,"3":0,"4":0,"5":0,"6":0,"7":0,"8":0,"9":0,"10":0,"11":0,"12":0,"13":0,"14":0,"15":0,"16":0,"17":0,"18":0,"19":0,"20":0,"21":0,"22":1},"f":{"0":0,"1":0,"2":0,"3":0,"4":0,"5":0,"6":0,"7":0,"8":0,"9":0,"10":0},"b":{"0":[0],"1":[0],"2":[0]}}
,"D:\\NamIII\\KyII\\BDCLPM\\project\\curxor-tracking-be\\src\\mocks\\category.mock.ts": {"path":"D:\\NamIII\\KyII\\BDCLPM\\project\\curxor-tracking-be\\src\\mocks\\category.mock.ts","statementMap":{"0":{"start":{"line":170,"column":0},"end":{"line":170,"column":33}},"1":{"start":{"line":177,"column":13},"end":{"line":183,"column":2}},"2":{"start":{"line":220,"column":13},"end":{"line":226,"column":2}},"3":{"start":{"line":228,"column":13},"end":{"line":257,"column":2}},"4":{"start":{"line":260,"column":18},"end":{"line":260,"column":23}},"5":{"start":{"line":261,"column":13},"end":{"line":263,"column":2}},"6":{"start":{"line":265,"column":13},"end":{"line":273,"column":2}},"7":{"start":{"line":274,"column":13},"end":{"line":310,"column":2}},"8":{"start":{"line":314,"column":13},"end":{"line":322,"column":2}}},"fnMap":{},"branchMap":{},"s":{"0":2,"1":2,"2":2,"3":2,"4":2,"5":2,"6":2,"7":2,"8":2},"f":{},"b":{}}
,"D:\\NamIII\\KyII\\BDCLPM\\project\\curxor-tracking-be\\src\\mocks\\transaction.mock.ts": {"path":"D:\\NamIII\\KyII\\BDCLPM\\project\\curxor-tracking-be\\src\\mocks\\transaction.mock.ts","statementMap":{"0":{"start":{"line":2,"column":0},"end":{"line":2,"column":33}},"1":{"start":{"line":4,"column":13},"end":{"line":8,"column":2}},"2":{"start":{"line":10,"column":13},"end":{"line":19,"column":2}},"3":{"start":{"line":21,"column":40},"end":{"line":32,"column":1}},"4":{"start":{"line":22,"column":2},"end":{"line":31,"column":6}},"5":{"start":{"line":22,"column":50},"end":{"line":31,"column":4}},"6":{"start":{"line":21,"column":13},"end":{"line":21,"column":40}}},"fnMap":{"0":{"name":"(anonymous_0)","decl":{"start":{"line":21,"column":40},"end":{"line":21,"column":41}},"loc":{"start":{"line":21,"column":58},"end":{"line":32,"column":1}}},"1":{"name":"(anonymous_1)","decl":{"start":{"line":22,"column":39},"end":{"line":22,"column":40}},"loc":{"start":{"line":22,"column":50},"end":{"line":31,"column":4}}}},"branchMap":{"0":{"loc":{"start":{"line":26,"column":10},"end":{"line":26,"column":44}},"type":"cond-expr","locations":[{"start":{"line":26,"column":24},"end":{"line":26,"column":32}},{"start":{"line":26,"column":35},"end":{"line":26,"column":44}}]}},"s":{"0":1,"1":1,"2":1,"3":1,"4":0,"5":0,"6":1},"f":{"0":0,"1":0},"b":{"0":[0,0]}}
,"D:\\NamIII\\KyII\\BDCLPM\\project\\curxor-tracking-be\\src\\models\\category.model.ts": {"path":"D:\\NamIII\\KyII\\BDCLPM\\project\\curxor-tracking-be\\src\\models\\category.model.ts","statementMap":{"0":{"start":{"line":1,"column":0},"end":{"line":1,"column":48}},"1":{"start":{"line":2,"column":0},"end":{"line":2,"column":59}},"2":{"start":{"line":14,"column":23},"end":{"line":28,"column":null}},"3":{"start":{"line":31,"column":13},"end":{"line":31,"column":76}}},"fnMap":{},"branchMap":{},"s":{"0":2,"1":2,"2":2,"3":2},"f":{},"b":{}}
,"D:\\NamIII\\KyII\\BDCLPM\\project\\curxor-tracking-be\\src\\models\\transaction.model.ts": {"path":"D:\\NamIII\\KyII\\BDCLPM\\project\\curxor-tracking-be\\src\\models\\transaction.model.ts","statementMap":{"0":{"start":{"line":1,"column":0},"end":{"line":1,"column":41}},"1":{"start":{"line":11,"column":26},"end":{"line":24,"column":null}},"2":{"start":{"line":27,"column":13},"end":{"line":30,"column":2}}},"fnMap":{},"branchMap":{},"s":{"0":2,"1":2,"2":2},"f":{},"b":{}}
,"D:\\NamIII\\KyII\\BDCLPM\\project\\curxor-tracking-be\\src\\models\\user.model.ts": {"path":"D:\\NamIII\\KyII\\BDCLPM\\project\\curxor-tracking-be\\src\\models\\user.model.ts","statementMap":{"0":{"start":{"line":1,"column":0},"end":{"line":1,"column":48}},"1":{"start":{"line":9,"column":19},"end":{"line":18,"column":null}},"2":{"start":{"line":21,"column":13},"end":{"line":21,"column":53}}},"fnMap":{},"branchMap":{},"s":{"0":1,"1":1,"2":1},"f":{},"b":{}}
,"D:\\NamIII\\KyII\\BDCLPM\\project\\curxor-tracking-be\\src\\repositories\\transaction.repo.ts": {"path":"D:\\NamIII\\KyII\\BDCLPM\\project\\curxor-tracking-be\\src\\repositories\\transaction.repo.ts","statementMap":{"0":{"start":{"line":2,"column":0},"end":{"line":2,"column":58}},"1":{"start":{"line":15,"column":19},"end":{"line":32,"column":6}},"2":{"start":{"line":33,"column":4},"end":{"line":33,"column":39}},"3":{"start":{"line":40,"column":19},"end":{"line":57,"column":6}},"4":{"start":{"line":58,"column":4},"end":{"line":58,"column":39}},"5":{"start":{"line":61,"column":19},"end":{"line":73,"column":6}},"6":{"start":{"line":74,"column":4},"end":{"line":74,"column":39}},"7":{"start":{"line":79,"column":35},"end":{"line":79,"column":46}},"8":{"start":{"line":80,"column":4},"end":{"line":87,"column":14}},"9":{"start":{"line":90,"column":4},"end":{"line":90,"column":51}},"10":{"start":{"line":9,"column":0},"end":{"line":9,"column":21}}},"fnMap":{"0":{"name":"(anonymous_7)","decl":{"start":{"line":10,"column":2},"end":{"line":10,"column":8}},"loc":{"start":{"line":13,"column":19},"end":{"line":34,"column":null}}},"1":{"name":"(anonymous_9)","decl":{"start":{"line":35,"column":2},"end":{"line":35,"column":8}},"loc":{"start":{"line":38,"column":19},"end":{"line":59,"column":null}}},"2":{"name":"(anonymous_11)","decl":{"start":{"line":60,"column":2},"end":{"line":60,"column":8}},"loc":{"start":{"line":60,"column":61},"end":{"line":75,"column":null}}},"3":{"name":"(anonymous_13)","decl":{"start":{"line":76,"column":2},"end":{"line":76,"column":8}},"loc":{"start":{"line":77,"column":38},"end":{"line":88,"column":null}}},"4":{"name":"(anonymous_15)","decl":{"start":{"line":89,"column":2},"end":{"line":89,"column":8}},"loc":{"start":{"line":89,"column":45},"end":{"line":91,"column":null}}}},"branchMap":{"0":{"loc":{"start":{"line":33,"column":11},"end":{"line":33,"column":38}},"type":"binary-expr","locations":[{"start":{"line":33,"column":11},"end":{"line":33,"column":33}},{"start":{"line":33,"column":37},"end":{"line":33,"column":38}}]},"1":{"loc":{"start":{"line":33,"column":11},"end":{"line":33,"column":33}},"type":"cond-expr","locations":[{"start":{"line":33,"column":20},"end":{"line":33,"column":22}},{"start":{"line":33,"column":20},"end":{"line":33,"column":33}}]},"2":{"loc":{"start":{"line":33,"column":11},"end":{"line":33,"column":22}},"type":"binary-expr","locations":[{"start":{"line":33,"column":11},"end":{"line":33,"column":22}},{"start":{"line":33,"column":20},"end":{"line":33,"column":22}}]},"3":{"loc":{"start":{"line":58,"column":11},"end":{"line":58,"column":38}},"type":"binary-expr","locations":[{"start":{"line":58,"column":11},"end":{"line":58,"column":33}},{"start":{"line":58,"column":37},"end":{"line":58,"column":38}}]},"4":{"loc":{"start":{"line":58,"column":11},"end":{"line":58,"column":33}},"type":"cond-expr","locations":[{"start":{"line":58,"column":20},"end":{"line":58,"column":22}},{"start":{"line":58,"column":20},"end":{"line":58,"column":33}}]},"5":{"loc":{"start":{"line":58,"column":11},"end":{"line":58,"column":22}},"type":"binary-expr","locations":[{"start":{"line":58,"column":11},"end":{"line":58,"column":22}},{"start":{"line":58,"column":20},"end":{"line":58,"column":22}}]},"6":{"loc":{"start":{"line":74,"column":11},"end":{"line":74,"column":38}},"type":"binary-expr","locations":[{"start":{"line":74,"column":11},"end":{"line":74,"column":33}},{"start":{"line":74,"column":37},"end":{"line":74,"column":38}}]},"7":{"loc":{"start":{"line":74,"column":11},"end":{"line":74,"column":33}},"type":"cond-expr","locations":[{"start":{"line":74,"column":20},"end":{"line":74,"column":22}},{"start":{"line":74,"column":20},"end":{"line":74,"column":33}}]},"8":{"loc":{"start":{"line":74,"column":11},"end":{"line":74,"column":22}},"type":"binary-expr","locations":[{"start":{"line":74,"column":11},"end":{"line":74,"column":22}},{"start":{"line":74,"column":20},"end":{"line":74,"column":22}}]}},"s":{"0":2,"1":0,"2":0,"3":0,"4":0,"5":0,"6":0,"7":0,"8":0,"9":0,"10":2},"f":{"0":0,"1":0,"2":0,"3":0,"4":0},"b":{"0":[0,0],"1":[0,0],"2":[0,0],"3":[0,0],"4":[0,0],"5":[0,0],"6":[0,0],"7":[0,0],"8":[0,0]}}
,"D:\\NamIII\\KyII\\BDCLPM\\project\\curxor-tracking-be\\src\\services\\auth.service.ts": {"path":"D:\\NamIII\\KyII\\BDCLPM\\project\\curxor-tracking-be\\src\\services\\auth.service.ts","statementMap":{"0":{"start":{"line":1,"column":0},"end":{"line":1,"column":43}},"1":{"start":{"line":2,"column":0},"end":{"line":2,"column":43}},"2":{"start":{"line":3,"column":0},"end":{"line":3,"column":41}},"3":{"start":{"line":4,"column":0},"end":{"line":4,"column":46}},"4":{"start":{"line":5,"column":0},"end":{"line":5,"column":48}},"5":{"start":{"line":6,"column":0},"end":{"line":6,"column":41}},"6":{"start":{"line":7,"column":0},"end":{"line":7,"column":42}},"7":{"start":{"line":8,"column":16},"end":{"line":8,"column":22}},"8":{"start":{"line":12,"column":4},"end":{"line":12,"column":64}},"9":{"start":{"line":12,"column":16},"end":{"line":12,"column":64}},"10":{"start":{"line":15,"column":23},"end":{"line":15,"column":73}},"11":{"start":{"line":16,"column":4},"end":{"line":18,"column":5}},"12":{"start":{"line":17,"column":6},"end":{"line":17,"column":58}},"13":{"start":{"line":20,"column":4},"end":{"line":20,"column":53}},"14":{"start":{"line":21,"column":16},"end":{"line":21,"column":29}},"15":{"start":{"line":22,"column":4},"end":{"line":26,"column":7}},"16":{"start":{"line":27,"column":4},"end":{"line":27,"column":61}},"17":{"start":{"line":29,"column":28},"end":{"line":46,"column":null}},"18":{"start":{"line":37,"column":20},"end":{"line":37,"column":59}},"19":{"start":{"line":38,"column":4},"end":{"line":38,"column":55}},"20":{"start":{"line":38,"column":18},"end":{"line":38,"column":55}},"21":{"start":{"line":39,"column":4},"end":{"line":41,"column":5}},"22":{"start":{"line":40,"column":6},"end":{"line":40,"column":43}},"23":{"start":{"line":42,"column":4},"end":{"line":42,"column":47}},"24":{"start":{"line":44,"column":17},"end":{"line":44,"column":57}},"25":{"start":{"line":45,"column":4},"end":{"line":45,"column":49}},"26":{"start":{"line":9,"column":0},"end":{"line":9,"column":21}}},"fnMap":{"0":{"name":"(anonymous_8)","decl":{"start":{"line":10,"column":2},"end":{"line":10,"column":8}},"loc":{"start":{"line":10,"column":35},"end":{"line":28,"column":null}}},"1":{"name":"(anonymous_10)","decl":{"start":{"line":29,"column":2},"end":{"line":29,"column":8}},"loc":{"start":{"line":29,"column":27},"end":{"line":46,"column":null}}},"2":{"name":"(anonymous_11)","decl":{"start":{"line":29,"column":28},"end":{"line":29,"column":null}},"loc":{"start":{"line":35,"column":3},"end":{"line":46,"column":3}}}},"branchMap":{"0":{"loc":{"start":{"line":12,"column":4},"end":{"line":12,"column":64}},"type":"if","locations":[{"start":{"line":12,"column":4},"end":{"line":12,"column":64}}]},"1":{"loc":{"start":{"line":16,"column":4},"end":{"line":18,"column":5}},"type":"if","locations":[{"start":{"line":16,"column":4},"end":{"line":18,"column":5}}]},"2":{"loc":{"start":{"line":38,"column":4},"end":{"line":38,"column":55}},"type":"if","locations":[{"start":{"line":38,"column":4},"end":{"line":38,"column":55}}]},"3":{"loc":{"start":{"line":39,"column":4},"end":{"line":41,"column":5}},"type":"if","locations":[{"start":{"line":39,"column":4},"end":{"line":41,"column":5}}]}},"s":{"0":1,"1":1,"2":1,"3":1,"4":1,"5":1,"6":1,"7":1,"8":0,"9":0,"10":0,"11":0,"12":0,"13":0,"14":0,"15":0,"16":0,"17":0,"18":0,"19":0,"20":0,"21":0,"22":0,"23":0,"24":0,"25":0,"26":1},"f":{"0":0,"1":0,"2":0},"b":{"0":[0],"1":[0],"2":[0],"3":[0]}}
,"D:\\NamIII\\KyII\\BDCLPM\\project\\curxor-tracking-be\\src\\services\\category.service.ts": {"path":"D:\\NamIII\\KyII\\BDCLPM\\project\\curxor-tracking-be\\src\\services\\category.service.ts","statementMap":{"0":{"start":{"line":2,"column":0},"end":{"line":2,"column":70}},"1":{"start":{"line":6,"column":0},"end":{"line":6,"column":54}},"2":{"start":{"line":7,"column":0},"end":{"line":7,"column":42}},"3":{"start":{"line":14,"column":4},"end":{"line":16,"column":7}},"4":{"start":{"line":23,"column":21},"end":{"line":23,"column":68}},"5":{"start":{"line":24,"column":4},"end":{"line":26,"column":5}},"6":{"start":{"line":25,"column":6},"end":{"line":25,"column":61}},"7":{"start":{"line":27,"column":4},"end":{"line":27,"column":20}},"8":{"start":{"line":31,"column":26},"end":{"line":31,"column":38}},"9":{"start":{"line":32,"column":21},"end":{"line":32,"column":55}},"10":{"start":{"line":33,"column":4},"end":{"line":33,"column":39}},"11":{"start":{"line":34,"column":4},"end":{"line":34,"column":20}},"12":{"start":{"line":40,"column":26},"end":{"line":40,"column":40}},"13":{"start":{"line":41,"column":21},"end":{"line":41,"column":55}},"14":{"start":{"line":42,"column":4},"end":{"line":42,"column":31}},"15":{"start":{"line":45,"column":4},"end":{"line":49,"column":14}},"16":{"start":{"line":10,"column":0},"end":{"line":10,"column":21}}},"fnMap":{"0":{"name":"(anonymous_8)","decl":{"start":{"line":11,"column":2},"end":{"line":11,"column":8}},"loc":{"start":{"line":12,"column":40},"end":{"line":17,"column":null}}},"1":{"name":"(anonymous_10)","decl":{"start":{"line":19,"column":9},"end":{"line":19,"column":15}},"loc":{"start":{"line":21,"column":15},"end":{"line":28,"column":null}}},"2":{"name":"(anonymous_12)","decl":{"start":{"line":30,"column":2},"end":{"line":30,"column":8}},"loc":{"start":{"line":30,"column":57},"end":{"line":35,"column":null}}},"3":{"name":"(anonymous_14)","decl":{"start":{"line":37,"column":2},"end":{"line":37,"column":8}},"loc":{"start":{"line":38,"column":37},"end":{"line":43,"column":null}}},"4":{"name":"(anonymous_16)","decl":{"start":{"line":44,"column":2},"end":{"line":44,"column":8}},"loc":{"start":{"line":44,"column":40},"end":{"line":50,"column":null}}}},"branchMap":{"0":{"loc":{"start":{"line":24,"column":4},"end":{"line":26,"column":5}},"type":"if","locations":[{"start":{"line":24,"column":4},"end":{"line":26,"column":5}}]},"1":{"loc":{"start":{"line":24,"column":8},"end":{"line":24,"column":69}},"type":"binary-expr","locations":[{"start":{"line":24,"column":8},"end":{"line":24,"column":17}},{"start":{"line":24,"column":21},"end":{"line":24,"column":69}}]}},"s":{"0":2,"1":2,"2":2,"3":5,"4":5,"5":0,"6":0,"7":0,"8":0,"9":0,"10":0,"11":0,"12":0,"13":0,"14":0,"15":0,"16":2},"f":{"0":5,"1":5,"2":0,"3":0,"4":0},"b":{"0":[0],"1":[0,0]}}
,"D:\\NamIII\\KyII\\BDCLPM\\project\\curxor-tracking-be\\src\\services\\email.service.ts": {"path":"D:\\NamIII\\KyII\\BDCLPM\\project\\curxor-tracking-be\\src\\services\\email.service.ts","statementMap":{"0":{"start":{"line":2,"column":0},"end":{"line":2,"column":36}},"1":{"start":{"line":5,"column":24},"end":{"line":11,"column":6}},"2":{"start":{"line":12,"column":4},"end":{"line":18,"column":7}},"3":{"start":{"line":13,"column":6},"end":{"line":17,"column":7}},"4":{"start":{"line":14,"column":8},"end":{"line":14,"column":27}},"5":{"start":{"line":16,"column":8},"end":{"line":16,"column":52}},"6":{"start":{"line":3,"column":0},"end":{"line":3,"column":21}}},"fnMap":{"0":{"name":"(anonymous_1)","decl":{"start":{"line":4,"column":2},"end":{"line":4,"column":8}},"loc":{"start":{"line":4,"column":45},"end":{"line":19,"column":3}}},"1":{"name":"(anonymous_2)","decl":{"start":{"line":12,"column":56},"end":{"line":12,"column":66}},"loc":{"start":{"line":12,"column":77},"end":{"line":18,"column":5}}}},"branchMap":{"0":{"loc":{"start":{"line":13,"column":6},"end":{"line":17,"column":7}},"type":"if","locations":[{"start":{"line":13,"column":6},"end":{"line":17,"column":7}},{"start":{"line":15,"column":13},"end":{"line":17,"column":7}}]}},"s":{"0":1,"1":0,"2":0,"3":0,"4":0,"5":0,"6":1},"f":{"0":0,"1":0},"b":{"0":[0,0]}}
,"D:\\NamIII\\KyII\\BDCLPM\\project\\curxor-tracking-be\\src\\services\\transaction.service.ts": {"path":"D:\\NamIII\\KyII\\BDCLPM\\project\\curxor-tracking-be\\src\\services\\transaction.service.ts","statementMap":{"0":{"start":{"line":1,"column":0},"end":{"line":1,"column":42}},"1":{"start":{"line":2,"column":0},"end":{"line":2,"column":79}},"2":{"start":{"line":5,"column":0},"end":{"line":5,"column":54}},"3":{"start":{"line":8,"column":0},"end":{"line":8,"column":69}},"4":{"start":{"line":16,"column":24},"end":{"line":19,"column":6}},"5":{"start":{"line":20,"column":4},"end":{"line":22,"column":5}},"6":{"start":{"line":21,"column":6},"end":{"line":21,"column":58}},"7":{"start":{"line":23,"column":4},"end":{"line":23,"column":23}},"8":{"start":{"line":31,"column":4},"end":{"line":31,"column":43}},"9":{"start":{"line":39,"column":20},"end":{"line":39,"column":35}},"10":{"start":{"line":40,"column":24},"end":{"line":40,"column":61}},"11":{"start":{"line":41,"column":4},"end":{"line":41,"column":49}},"12":{"start":{"line":46,"column":24},"end":{"line":46,"column":61}},"13":{"start":{"line":47,"column":4},"end":{"line":47,"column":34}},"14":{"start":{"line":54,"column":36},"end":{"line":54,"column":51}},"15":{"start":{"line":55,"column":23},"end":{"line":55,"column":31}},"16":{"start":{"line":62,"column":34},"end":{"line":68,"column":6}},"17":{"start":{"line":69,"column":4},"end":{"line":69,"column":79}},"18":{"start":{"line":10,"column":0},"end":{"line":10,"column":21}}},"fnMap":{"0":{"name":"(anonymous_8)","decl":{"start":{"line":12,"column":10},"end":{"line":12,"column":16}},"loc":{"start":{"line":14,"column":15},"end":{"line":24,"column":null}}},"1":{"name":"(anonymous_10)","decl":{"start":{"line":27,"column":2},"end":{"line":27,"column":8}},"loc":{"start":{"line":29,"column":15},"end":{"line":32,"column":null}}},"2":{"name":"(anonymous_12)","decl":{"start":{"line":35,"column":2},"end":{"line":35,"column":8}},"loc":{"start":{"line":37,"column":15},"end":{"line":42,"column":null}}},"3":{"name":"(anonymous_14)","decl":{"start":{"line":45,"column":2},"end":{"line":45,"column":8}},"loc":{"start":{"line":45,"column":57},"end":{"line":48,"column":null}}},"4":{"name":"(anonymous_16)","decl":{"start":{"line":51,"column":2},"end":{"line":51,"column":8}},"loc":{"start":{"line":52,"column":38},"end":{"line":70,"column":null}}}},"branchMap":{"0":{"loc":{"start":{"line":20,"column":4},"end":{"line":22,"column":5}},"type":"if","locations":[{"start":{"line":20,"column":4},"end":{"line":22,"column":5}}]}},"s":{"0":1,"1":1,"2":1,"3":1,"4":5,"5":5,"6":2,"7":3,"8":2,"9":1,"10":1,"11":1,"12":2,"13":1,"14":0,"15":0,"16":0,"17":0,"18":1},"f":{"0":5,"1":2,"2":1,"3":2,"4":0},"b":{"0":[2]}}
,"D:\\NamIII\\KyII\\BDCLPM\\project\\curxor-tracking-be\\src\\services\\user.service.ts": {"path":"D:\\NamIII\\KyII\\BDCLPM\\project\\curxor-tracking-be\\src\\services\\user.service.ts","statementMap":{"0":{"start":{"line":2,"column":0},"end":{"line":2,"column":51}},"1":{"start":{"line":4,"column":0},"end":{"line":4,"column":42}},"2":{"start":{"line":5,"column":0},"end":{"line":5,"column":69}},"3":{"start":{"line":13,"column":17},"end":{"line":13,"column":42}},"4":{"start":{"line":14,"column":4},"end":{"line":14,"column":66}},"5":{"start":{"line":14,"column":15},"end":{"line":14,"column":66}},"6":{"start":{"line":15,"column":4},"end":{"line":15,"column":16}},"7":{"start":{"line":19,"column":4},"end":{"line":19,"column":61}},"8":{"start":{"line":23,"column":4},"end":{"line":23,"column":59}},"9":{"start":{"line":27,"column":4},"end":{"line":27,"column":40}},"10":{"start":{"line":31,"column":17},"end":{"line":31,"column":46}},"11":{"start":{"line":32,"column":4},"end":{"line":34,"column":5}},"12":{"start":{"line":33,"column":6},"end":{"line":33,"column":35}},"13":{"start":{"line":37,"column":41},"end":{"line":37,"column":51}},"14":{"start":{"line":38,"column":20},"end":{"line":38,"column":24}},"15":{"start":{"line":40,"column":46},"end":{"line":44,"column":6}},"16":{"start":{"line":45,"column":20},"end":{"line":45,"column":36}},"17":{"start":{"line":46,"column":4},"end":{"line":46,"column":62}},"18":{"start":{"line":8,"column":0},"end":{"line":8,"column":21}}},"fnMap":{"0":{"name":"(anonymous_8)","decl":{"start":{"line":9,"column":10},"end":{"line":9,"column":16}},"loc":{"start":{"line":11,"column":24},"end":{"line":16,"column":null}}},"1":{"name":"(anonymous_10)","decl":{"start":{"line":18,"column":2},"end":{"line":18,"column":8}},"loc":{"start":{"line":18,"column":44},"end":{"line":20,"column":null}}},"2":{"name":"(anonymous_12)","decl":{"start":{"line":22,"column":2},"end":{"line":22,"column":8}},"loc":{"start":{"line":22,"column":41},"end":{"line":24,"column":null}}},"3":{"name":"(anonymous_14)","decl":{"start":{"line":26,"column":2},"end":{"line":26,"column":8}},"loc":{"start":{"line":26,"column":39},"end":{"line":28,"column":null}}},"4":{"name":"(anonymous_16)","decl":{"start":{"line":30,"column":2},"end":{"line":30,"column":8}},"loc":{"start":{"line":30,"column":52},"end":{"line":35,"column":null}}},"5":{"name":"(anonymous_18)","decl":{"start":{"line":36,"column":2},"end":{"line":36,"column":8}},"loc":{"start":{"line":36,"column":51},"end":{"line":47,"column":null}}}},"branchMap":{"0":{"loc":{"start":{"line":14,"column":4},"end":{"line":14,"column":66}},"type":"if","locations":[{"start":{"line":14,"column":4},"end":{"line":14,"column":66}}]},"1":{"loc":{"start":{"line":32,"column":4},"end":{"line":34,"column":5}},"type":"if","locations":[{"start":{"line":32,"column":4},"end":{"line":34,"column":5}}]}},"s":{"0":1,"1":1,"2":1,"3":0,"4":0,"5":0,"6":0,"7":0,"8":0,"9":0,"10":0,"11":0,"12":0,"13":0,"14":0,"15":0,"16":0,"17":0,"18":1},"f":{"0":0,"1":0,"2":0,"3":0,"4":0,"5":0},"b":{"0":[0],"1":[0]}}
,"D:\\NamIII\\KyII\\BDCLPM\\project\\curxor-tracking-be\\src\\utils\\bcrypt.ts": {"path":"D:\\NamIII\\KyII\\BDCLPM\\project\\curxor-tracking-be\\src\\utils\\bcrypt.ts","statementMap":{"0":{"start":{"line":1,"column":0},"end":{"line":1,"column":28}},"1":{"start":{"line":3,"column":20},"end":{"line":5,"column":2}},"2":{"start":{"line":3,"column":44},"end":{"line":5,"column":2}},"3":{"start":{"line":4,"column":2},"end":{"line":4,"column":38}},"4":{"start":{"line":3,"column":13},"end":{"line":3,"column":20}},"5":{"start":{"line":6,"column":23},"end":{"line":8,"column":2}},"6":{"start":{"line":6,"column":65},"end":{"line":8,"column":2}},"7":{"start":{"line":7,"column":2},"end":{"line":7,"column":47}},"8":{"start":{"line":6,"column":13},"end":{"line":6,"column":23}}},"fnMap":{"0":{"name":"(anonymous_8)","decl":{"start":{"line":3,"column":20},"end":{"line":3,"column":27}},"loc":{"start":{"line":3,"column":44},"end":{"line":5,"column":2}}},"1":{"name":"(anonymous_9)","decl":{"start":{"line":3,"column":44},"end":{"line":3,"column":null}},"loc":{"start":{"line":3,"column":44},"end":{"line":5,"column":1}}},"2":{"name":"(anonymous_10)","decl":{"start":{"line":6,"column":23},"end":{"line":6,"column":30}},"loc":{"start":{"line":6,"column":65},"end":{"line":8,"column":2}}},"3":{"name":"(anonymous_11)","decl":{"start":{"line":6,"column":65},"end":{"line":6,"column":null}},"loc":{"start":{"line":6,"column":65},"end":{"line":8,"column":1}}}},"branchMap":{},"s":{"0":1,"1":1,"2":0,"3":0,"4":1,"5":1,"6":0,"7":0,"8":1},"f":{"0":0,"1":0,"2":0,"3":0},"b":{}}
,"D:\\NamIII\\KyII\\BDCLPM\\project\\curxor-tracking-be\\src\\utils\\jwt.ts": {"path":"D:\\NamIII\\KyII\\BDCLPM\\project\\curxor-tracking-be\\src\\utils\\jwt.ts","statementMap":{"0":{"start":{"line":1,"column":0},"end":{"line":1,"column":42}},"1":{"start":{"line":2,"column":0},"end":{"line":2,"column":56}},"2":{"start":{"line":3,"column":25},"end":{"line":9,"column":1}},"3":{"start":{"line":4,"column":18},"end":{"line":7,"column":4}},"4":{"start":{"line":8,"column":2},"end":{"line":8,"column":76}},"5":{"start":{"line":3,"column":13},"end":{"line":3,"column":25}},"6":{"start":{"line":10,"column":27},"end":{"line":16,"column":1}},"7":{"start":{"line":11,"column":2},"end":{"line":15,"column":3}},"8":{"start":{"line":12,"column":4},"end":{"line":12,"column":70}},"9":{"start":{"line":14,"column":4},"end":{"line":14,"column":55}},"10":{"start":{"line":10,"column":13},"end":{"line":10,"column":27}}},"fnMap":{"0":{"name":"(anonymous_1)","decl":{"start":{"line":3,"column":25},"end":{"line":3,"column":26}},"loc":{"start":{"line":3,"column":56},"end":{"line":9,"column":1}}},"1":{"name":"(anonymous_2)","decl":{"start":{"line":10,"column":27},"end":{"line":10,"column":28}},"loc":{"start":{"line":10,"column":45},"end":{"line":16,"column":1}}}},"branchMap":{"0":{"loc":{"start":{"line":8,"column":23},"end":{"line":8,"column":52}},"type":"binary-expr","locations":[{"start":{"line":8,"column":23},"end":{"line":8,"column":45}},{"start":{"line":8,"column":49},"end":{"line":8,"column":52}}]},"1":{"loc":{"start":{"line":12,"column":25},"end":{"line":12,"column":54}},"type":"binary-expr","locations":[{"start":{"line":12,"column":25},"end":{"line":12,"column":47}},{"start":{"line":12,"column":51},"end":{"line":12,"column":54}}]}},"s":{"0":1,"1":1,"2":1,"3":0,"4":0,"5":1,"6":1,"7":0,"8":0,"9":0,"10":1},"f":{"0":0,"1":0},"b":{"0":[0,0],"1":[0,0]}}
,"D:\\NamIII\\KyII\\BDCLPM\\project\\curxor-tracking-be\\src\\utils\\objectId.ts": {"path":"D:\\NamIII\\KyII\\BDCLPM\\project\\curxor-tracking-be\\src\\utils\\objectId.ts","statementMap":{"0":{"start":{"line":1,"column":0},"end":{"line":1,"column":32}},"1":{"start":{"line":3,"column":33},"end":{"line":5,"column":1}},"2":{"start":{"line":4,"column":2},"end":{"line":4,"column":41}},"3":{"start":{"line":3,"column":13},"end":{"line":3,"column":33}}},"fnMap":{"0":{"name":"(anonymous_1)","decl":{"start":{"line":3,"column":33},"end":{"line":3,"column":34}},"loc":{"start":{"line":3,"column":48},"end":{"line":5,"column":1}}}},"branchMap":{},"s":{"0":3,"1":3,"2":12,"3":3},"f":{"0":12},"b":{}}
,"D:\\NamIII\\KyII\\BDCLPM\\project\\curxor-tracking-be\\src\\utils\\otp.ts": {"path":"D:\\NamIII\\KyII\\BDCLPM\\project\\curxor-tracking-be\\src\\utils\\otp.ts","statementMap":{"0":{"start":{"line":1,"column":0},"end":{"line":1,"column":16}},"1":{"start":{"line":2,"column":15},"end":{"line":2,"column":27}},"2":{"start":{"line":3,"column":12},"end":{"line":3,"column":14}},"3":{"start":{"line":4,"column":12},"end":{"line":4,"column":25}},"4":{"start":{"line":5,"column":2},"end":{"line":7,"column":3}},"5":{"start":{"line":5,"column":15},"end":{"line":5,"column":16}},"6":{"start":{"line":6,"column":4},"end":{"line":6,"column":51}},"7":{"start":{"line":8,"column":2},"end":{"line":8,"column":19}},"8":{"start":{"line":9,"column":2},"end":{"line":9,"column":13}}},"fnMap":{"0":{"name":"generateOTP","decl":{"start":{"line":1,"column":16},"end":{"line":1,"column":27}},"loc":{"start":{"line":1,"column":27},"end":{"line":10,"column":1}}}},"branchMap":{},"s":{"0":1,"1":0,"2":0,"3":0,"4":0,"5":0,"6":0,"7":0,"8":0},"f":{"0":0},"b":{}}
}
