TN:
SF:src\math.ts
FN:1,sum
FNF:1
FNH:1
FNDA:1,sum
DA:1,1
DA:2,1
LF:2
LH:2
BRF:0
BRH:0
end_of_record
TN:
SF:src\configs\redis.ts
FNF:0
FNH:0
DA:1,1
LF:1
LH:1
BRDA:2,0,0,1
BRDA:2,0,1,1
BRF:2
BRH:2
end_of_record
TN:
SF:src\constants\category-type.ts
FNF:0
FNH:0
DA:1,1
LF:1
LH:1
BRF:0
BRH:0
end_of_record
TN:
SF:src\databases\redis.ts
FN:7,(anonymous_8)
FN:10,(anonymous_9)
FN:15,(anonymous_11)
FN:19,(anonymous_12)
FN:26,(anonymous_13)
FN:34,(anonymous_15)
FN:38,(anonymous_16)
FN:42,(anonymous_17)
FN:48,(anonymous_18)
FN:52,(anonymous_20)
FN:56,(anonymous_22)
FNF:11
FNH:0
FNDA:0,(anonymous_8)
FNDA:0,(anonymous_9)
FNDA:0,(anonymous_11)
FNDA:0,(anonymous_12)
FNDA:0,(anonymous_13)
FNDA:0,(anonymous_15)
FNDA:0,(anonymous_16)
FNDA:0,(anonymous_17)
FNDA:0,(anonymous_18)
FNDA:0,(anonymous_20)
FNDA:0,(anonymous_22)
DA:1,1
DA:2,1
DA:4,1
DA:11,0
DA:12,0
DA:15,0
DA:16,0
DA:19,0
DA:20,0
DA:27,0
DA:28,0
DA:29,0
DA:30,0
DA:35,0
DA:36,0
DA:38,0
DA:39,0
DA:42,0
DA:43,0
DA:45,0
DA:49,0
DA:53,0
DA:57,0
LF:23
LH:3
BRDA:11,0,0,0
BRDA:27,1,0,0
BRDA:35,2,0,0
BRF:3
BRH:0
end_of_record
TN:
SF:src\mocks\category.mock.ts
FNF:0
FNH:0
DA:1,1
DA:5,1
DA:13,1
DA:21,1
DA:23,1
LF:5
LH:5
BRF:0
BRH:0
end_of_record
TN:
SF:src\mocks\transaction.mock.ts
FN:21,(anonymous_0)
FN:22,(anonymous_1)
FNF:2
FNH:0
FNDA:0,(anonymous_0)
FNDA:0,(anonymous_1)
DA:2,1
DA:4,1
DA:10,1
DA:21,1
DA:22,0
LF:5
LH:4
BRDA:26,0,0,0
BRDA:26,0,1,0
BRF:2
BRH:0
end_of_record
TN:
SF:src\models\category.model.ts
FNF:0
FNH:0
DA:1,1
DA:2,1
DA:14,1
DA:31,1
LF:4
LH:4
BRF:0
BRH:0
end_of_record
TN:
SF:src\models\transaction.model.ts
FNF:0
FNH:0
DA:1,2
DA:11,2
DA:27,2
LF:3
LH:3
BRF:0
BRH:0
end_of_record
TN:
SF:src\models\user.model.ts
FNF:0
FNH:0
DA:1,1
DA:9,1
DA:21,1
LF:3
LH:3
BRF:0
BRH:0
end_of_record
TN:
SF:src\repositories\transaction.repo.ts
FN:10,(anonymous_7)
FN:35,(anonymous_9)
FN:60,(anonymous_11)
FN:73,(anonymous_13)
FNF:4
FNH:0
FNDA:0,(anonymous_7)
FNDA:0,(anonymous_9)
FNDA:0,(anonymous_11)
FNDA:0,(anonymous_13)
DA:2,2
DA:9,2
DA:15,0
DA:33,0
DA:40,0
DA:58,0
DA:63,0
DA:64,0
DA:74,0
LF:9
LH:2
BRDA:33,0,0,0
BRDA:33,0,1,0
BRDA:33,1,0,0
BRDA:33,1,1,0
BRDA:33,2,0,0
BRDA:33,2,1,0
BRDA:58,3,0,0
BRDA:58,3,1,0
BRDA:58,4,0,0
BRDA:58,4,1,0
BRDA:58,5,0,0
BRDA:58,5,1,0
BRF:12
BRH:0
end_of_record
TN:
SF:src\services\auth.service.ts
FN:10,(anonymous_8)
FN:29,(anonymous_10)
FN:29,(anonymous_11)
FNF:3
FNH:0
FNDA:0,(anonymous_8)
FNDA:0,(anonymous_10)
FNDA:0,(anonymous_11)
DA:1,1
DA:2,1
DA:3,1
DA:4,1
DA:5,1
DA:6,1
DA:7,1
DA:8,1
DA:9,1
DA:12,0
DA:15,0
DA:16,0
DA:17,0
DA:20,0
DA:21,0
DA:22,0
DA:27,0
DA:29,0
DA:37,0
DA:38,0
DA:39,0
DA:40,0
DA:42,0
DA:44,0
DA:45,0
LF:25
LH:9
BRDA:12,0,0,0
BRDA:16,1,0,0
BRDA:38,2,0,0
BRDA:39,3,0,0
BRF:4
BRH:0
end_of_record
TN:
SF:src\services\category.service.ts
FN:11,(anonymous_8)
FN:19,(anonymous_10)
FN:30,(anonymous_12)
FN:37,(anonymous_14)
FN:44,(anonymous_16)
FNF:5
FNH:5
FNDA:4,(anonymous_8)
FNDA:2,(anonymous_10)
FNDA:1,(anonymous_12)
FNDA:1,(anonymous_14)
FNDA:1,(anonymous_16)
DA:2,1
DA:6,1
DA:7,1
DA:10,1
DA:14,4
DA:23,2
DA:24,2
DA:25,2
DA:27,0
DA:31,1
DA:32,1
DA:33,0
DA:34,0
DA:40,1
DA:41,1
DA:42,0
DA:45,1
LF:17
LH:13
BRDA:24,0,0,2
BRDA:24,1,0,2
BRDA:24,1,1,0
BRF:3
BRH:2
end_of_record
TN:
SF:src\services\email.service.ts
FN:4,(anonymous_1)
FN:12,(anonymous_2)
FNF:2
FNH:0
FNDA:0,(anonymous_1)
FNDA:0,(anonymous_2)
DA:2,1
DA:3,1
DA:5,0
DA:12,0
DA:13,0
DA:14,0
DA:16,0
LF:7
LH:2
BRDA:13,0,0,0
BRDA:13,0,1,0
BRF:2
BRH:0
end_of_record
TN:
SF:src\services\transaction.service.ts
FN:12,(anonymous_8)
FN:27,(anonymous_10)
FN:35,(anonymous_12)
FN:45,(anonymous_14)
FN:51,(anonymous_16)
FNF:5
FNH:4
FNDA:5,(anonymous_8)
FNDA:2,(anonymous_10)
FNDA:1,(anonymous_12)
FNDA:2,(anonymous_14)
FNDA:0,(anonymous_16)
DA:1,1
DA:2,1
DA:5,1
DA:8,1
DA:10,1
DA:16,5
DA:20,5
DA:21,2
DA:23,3
DA:31,2
DA:39,1
DA:40,1
DA:41,1
DA:46,2
DA:47,1
DA:54,0
DA:55,0
DA:62,0
DA:69,0
LF:19
LH:15
BRDA:20,0,0,2
BRF:1
BRH:1
end_of_record
TN:
SF:src\services\user.service.ts
FN:8,(anonymous_8)
FN:17,(anonymous_10)
FN:21,(anonymous_12)
FN:25,(anonymous_14)
FN:29,(anonymous_16)
FN:35,(anonymous_18)
FNF:6
FNH:0
FNDA:0,(anonymous_8)
FNDA:0,(anonymous_10)
FNDA:0,(anonymous_12)
FNDA:0,(anonymous_14)
FNDA:0,(anonymous_16)
FNDA:0,(anonymous_18)
DA:2,1
DA:3,1
DA:4,1
DA:7,1
DA:12,0
DA:13,0
DA:14,0
DA:18,0
DA:22,0
DA:26,0
DA:30,0
DA:31,0
DA:32,0
DA:36,0
DA:37,0
DA:38,0
DA:43,0
DA:48,0
DA:49,0
LF:19
LH:4
BRDA:13,0,0,0
BRDA:31,1,0,0
BRF:2
BRH:0
end_of_record
TN:
SF:src\utils\bcrypt.ts
FN:3,(anonymous_8)
FN:3,(anonymous_9)
FN:6,(anonymous_10)
FN:6,(anonymous_11)
FNF:4
FNH:0
FNDA:0,(anonymous_8)
FNDA:0,(anonymous_9)
FNDA:0,(anonymous_10)
FNDA:0,(anonymous_11)
DA:1,1
DA:3,1
DA:4,0
DA:6,1
DA:7,0
LF:5
LH:3
BRF:0
BRH:0
end_of_record
TN:
SF:src\utils\jwt.ts
FN:3,(anonymous_1)
FN:10,(anonymous_2)
FNF:2
FNH:0
FNDA:0,(anonymous_1)
FNDA:0,(anonymous_2)
DA:1,1
DA:2,1
DA:3,1
DA:4,0
DA:8,0
DA:10,1
DA:11,0
DA:12,0
DA:14,0
LF:9
LH:4
BRDA:8,0,0,0
BRDA:8,0,1,0
BRDA:12,1,0,0
BRDA:12,1,1,0
BRF:4
BRH:0
end_of_record
TN:
SF:src\utils\objectId.ts
FN:3,(anonymous_1)
FNF:1
FNH:1
FNDA:9,(anonymous_1)
DA:1,2
DA:3,2
DA:4,9
LF:3
LH:3
BRF:0
BRH:0
end_of_record
TN:
SF:src\utils\otp.ts
FN:1,generateOTP
FNF:1
FNH:0
FNDA:0,generateOTP
DA:1,1
DA:2,0
DA:3,0
DA:4,0
DA:5,0
DA:6,0
DA:8,0
DA:9,0
LF:8
LH:1
BRF:0
BRH:0
end_of_record
